info port 3000 is already in use. trying 3001 instead
info port 3001 is already in use. trying 3002 instead
[2K[1A[2K[1A[2K[Ginfo port 3000 is already in use. trying 3001 instead
info port 3001 is already in use. trying 3002 instead
⠋ preparing local preview...
[2K[1A[2K[1A[2K[1A[2K[Ginfo port 3000 is already in use. trying 3001 instead
info port 3001 is already in use. trying 3002 instead
⠙ preparing local preview...
[2K[1A[2K[1A[2K[1A[2K[Ginfo port 3000 is already in use. trying 3001 instead
info port 3001 is already in use. trying 3002 instead
⠹ preparing local preview...
[2K[1A[2K[1A[2K[1A[2K[Ginfo port 3000 is already in use. trying 3001 instead
info port 3001 is already in use. trying 3002 instead
⠸ preparing local preview...
[2K[1A[2K[1A[2K[1A[2K[Ginfo port 3000 is already in use. trying 3001 instead
info port 3001 is already in use. trying 3002 instead
⠼ preparing local preview...
[2K[1A[2K[1A[2K[1A[2K[GError generating favicons:  Invalid magic bytes
info port 3000 is already in use. trying 3001 instead
info port 3001 is already in use. trying 3002 instead
⠼ preparing local preview...
[2K[1A[2K[1A[2K[1A[2K[Ginfo port 3000 is already in use. trying 3001 instead
info port 3001 is already in use. trying 3002 instead
⠴ preparing local preview...
[2K[1A[2K[1A[2K[1A[2K[Ginfo port 3000 is already in use. trying 3001 instead
info port 3001 is already in use. trying 3002 instead
update available - run `mint update` to get the latest version

✓ preview ready

  local   → http://localhost:3002
  network → http://10.0.0.65:3002

press ctrl+c to exit the preview

[2K[1A[2K[1A[2K[1A[2K[1A[2K[1A[2K[1A[2K[1A[2K[1A[2K[1A[2K[1A[2K[1A[2K[G
info port 3000 is already in use. trying 3001 instead
info port 3001 is already in use. trying 3002 instead
update available - run `mint update` to get the latest version

✓ preview ready

  local   → http://localhost:3002
  network → http://10.0.0.65:3002

press ctrl+c to exit the preview

